#
# There is insufficient memory for the Java Runtime Environment to continue.
# Native memory allocation (malloc) failed to allocate 1737616 bytes for Chunk::new
# Possible reasons:
#   The system is out of physical RAM or swap space
#   The process is running with CompressedOops enabled, and the Java Heap may be blocking the growth of the native heap
# Possible solutions:
#   Reduce memory load on the system
#   Increase physical memory or swap space
#   Check if swap backing store is full
#   Decrease Java heap size (-Xmx/-Xms)
#   Decrease number of Java threads
#   Decrease Java thread stack sizes (-Xss)
#   Set larger code cache with -XX:ReservedCodeCacheSize=
#   JVM is running with Unscaled Compressed Oops mode in which the Java heap is
#     placed in the first 4GB address space. The Java Heap base address is the
#     maximum limit for the native heap growth. Please use -XX:HeapBaseMinAddress
#     to set the Java Heap base and to place the Java Heap above 4GB virtual address.
# This output file may be truncated or incomplete.
#
#  Out of Memory Error (allocation.cpp:389), pid=16304, tid=0x0000000000003b84
#
# JRE version: OpenJDK Runtime Environment (8.0_242-b01) (build 1.8.0_242-release-1644-b01)
# Java VM: OpenJDK 64-Bit Server VM (25.242-b01 mixed mode windows-amd64 compressed oops)
# Failed to write core dump. Minidumps are not enabled by default on client versions of Windows
#

---------------  T H R E A D  ---------------

Current thread (0x0000000017c30800):  JavaThread "C2 CompilerThread1" daemon [_thread_in_native, id=15236, stack(0x0000000019320000,0x0000000019420000)]

Stack: [0x0000000019320000,0x0000000019420000]
[error occurred during error reporting (printing stack bounds), id 0xc0000005]

Native frames: (J=compiled Java code, j=interpreted, Vv=VM code, C=native code)


Current CompileTask:
C2:  77711 13262 %     4       com.android.tools.r8.ir.regalloc.a::a @ 974 (3993 bytes)


---------------  P R O C E S S  ---------------

Java Threads: ( => current thread )
  0x000000001e87c000 JavaThread "ForkJoinPool.commonPool-worker-1" daemon [_thread_blocked, id=2832, stack(0x0000000027f20000,0x0000000028020000)]
  0x000000001e87d800 JavaThread "WorkerExecutor Queue Thread 4" [_thread_blocked, id=3280, stack(0x0000000027520000,0x0000000027620000)]
  0x000000001e876000 JavaThread "WorkerExecutor Queue Thread 3" [_thread_blocked, id=18812, stack(0x0000000027420000,0x0000000027520000)]
  0x000000001e878800 JavaThread "WorkerExecutor Queue Thread 2" [_thread_blocked, id=9072, stack(0x0000000027320000,0x0000000027420000)]
  0x000000001e877800 JavaThread "WorkerExecutor Queue" [_thread_blocked, id=16772, stack(0x0000000027220000,0x0000000027320000)]
  0x000000001e879000 JavaThread "Cache worker for Java compile cache (C:\Users\jmohan8.EAD\Documents\Android studio and docs\projects\TransitionDemo\.gradle\6.1.1\javaCompile)" [_thread_blocked, id=11144, stack(0x0000000026b20000,0x0000000026c20000)]
  0x000000001e875800 JavaThread "Cache worker for Java compile cache (C:\Users\jmohan8.EAD\.gradle\caches\6.1.1\javaCompile)" [_thread_blocked, id=20864, stack(0x0000000026a20000,0x0000000026b20000)]
  0x0000000021330000 JavaThread "RMI TCP Connection(idle)" daemon [_thread_blocked, id=10276, stack(0x0000000026920000,0x0000000026a20000)]
  0x000000002132f000 JavaThread "RMI Reaper" [_thread_blocked, id=20956, stack(0x0000000026820000,0x0000000026920000)]
  0x000000002132e800 JavaThread "RMI TCP Accept-0" daemon [_thread_in_native, id=4628, stack(0x0000000026720000,0x0000000026820000)]
  0x0000000021329000 JavaThread "GC Daemon" daemon [_thread_blocked, id=23108, stack(0x0000000026620000,0x0000000026720000)]
  0x000000002132d800 JavaThread "RMI Scheduler(0)" daemon [_thread_blocked, id=14376, stack(0x0000000026420000,0x0000000026520000)]
  0x000000002132d000 JavaThread "Cache worker for execution history cache (C:\Users\jmohan8.EAD\Documents\Android studio and docs\projects\TransitionDemo\.gradle\6.1.1\executionHistory)" [_thread_blocked, id=13124, stack(0x0000000025a20000,0x0000000025b20000)]
  0x000000002132a000 JavaThread "Execution worker for ':' Thread 3" [_thread_in_Java, id=21448, stack(0x0000000025720000,0x0000000025820000)]
  0x000000002132a800 JavaThread "Execution worker for ':' Thread 2" [_thread_blocked, id=16776, stack(0x0000000025620000,0x0000000025720000)]
  0x000000002132c000 JavaThread "Execution worker for ':'" [_thread_blocked, id=3776, stack(0x0000000025520000,0x0000000025620000)]
  0x0000000021321800 JavaThread "Cache worker for file content cache (C:\Users\jmohan8.EAD\Documents\Android studio and docs\projects\TransitionDemo\.gradle\6.1.1\fileContent)" [_thread_blocked, id=5680, stack(0x0000000024ef0000,0x0000000024ff0000)]
  0x0000000021328800 JavaThread "Cache worker for file content cache (C:\Users\jmohan8.EAD\.gradle\caches\6.1.1\fileContent)" [_thread_blocked, id=8272, stack(0x0000000024b80000,0x0000000024c80000)]
  0x0000000021323000 JavaThread "Memory manager" [_thread_blocked, id=17380, stack(0x0000000024a80000,0x0000000024b80000)]
  0x0000000021325800 JavaThread "Cache worker for Build Output Cleanup Cache (C:\Users\jmohan8.EAD\Documents\Android studio and docs\projects\TransitionDemo\.gradle\buildOutputCleanup)" [_thread_blocked, id=19088, stack(0x0000000023f80000,0x0000000024080000)]
  0x0000000021327800 JavaThread "Build operations Thread 4" [_thread_blocked, id=23468, stack(0x0000000023880000,0x0000000023980000)]
  0x0000000021327000 JavaThread "Build operations Thread 3" [_thread_blocked, id=20988, stack(0x0000000023780000,0x0000000023880000)]
  0x0000000021324800 JavaThread "Build operations Thread 2" [_thread_blocked, id=21156, stack(0x0000000023680000,0x0000000023780000)]
  0x0000000021324000 JavaThread "Build operations" [_thread_blocked, id=6624, stack(0x0000000023160000,0x0000000023260000)]
  0x000000001a59d000 JavaThread "Cache worker for execution history cache (C:\Users\jmohan8.EAD\.gradle\caches\6.1.1\executionHistory)" [_thread_blocked, id=23280, stack(0x0000000021890000,0x0000000021990000)]
  0x000000001a59d800 JavaThread "Cache worker for cache directory md-rule (C:\Users\jmohan8.EAD\.gradle\caches\6.1.1\md-rule)" [_thread_blocked, id=5372, stack(0x0000000021790000,0x0000000021890000)]
  0x000000001a5a0000 JavaThread "Cache worker for cache directory md-supplier (C:\Users\jmohan8.EAD\.gradle\caches\6.1.1\md-supplier)" [_thread_blocked, id=14920, stack(0x00000000205e0000,0x00000000206e0000)]
  0x000000001a5a1800 JavaThread "Cache worker for file hash cache (C:\Users\jmohan8.EAD\Documents\Android studio and docs\projects\TransitionDemo\.gradle\6.1.1\fileHashes)" [_thread_in_native, id=15204, stack(0x00000000200e0000,0x00000000201e0000)]
  0x000000001a59f000 JavaThread "Cache worker for checksums cache (C:\Users\jmohan8.EAD\Documents\Android studio and docs\projects\TransitionDemo\.gradle\checksums)" [_thread_blocked, id=2540, stack(0x000000001ffe0000,0x00000000200e0000)]
  0x000000001a5a0800 JavaThread "Cache worker for file hash cache (C:\Users\jmohan8.EAD\.gradle\caches\6.1.1\fileHashes)" [_thread_in_native, id=14832, stack(0x000000001ec10000,0x000000001ed10000)]
  0x000000001a59e800 JavaThread "File lock request listener" [_thread_in_native, id=22104, stack(0x000000001db40000,0x000000001dc40000)]
  0x000000001aafc000 JavaThread "Cache worker for journal cache (C:\Users\jmohan8.EAD\.gradle\caches\journal-1)" [_thread_blocked, id=14600, stack(0x000000001da40000,0x000000001db40000)]
  0x000000001ae25800 JavaThread "Thread-9" [_thread_blocked, id=11120, stack(0x000000001d740000,0x000000001d840000)]
  0x0000000019635000 JavaThread "Asynchronous log dispatcher for DefaultDaemonConnection: socket connection from /127.0.0.1:52616 to /127.0.0.1:52617" [_thread_blocked, id=17848, stack(0x000000001d540000,0x000000001d640000)]
  0x000000001a38a800 JavaThread "Daemon worker" [_thread_in_Java, id=15832, stack(0x000000001d440000,0x000000001d540000)]
  0x000000001a389000 JavaThread "Cancel handler" [_thread_blocked, id=23452, stack(0x000000001d340000,0x000000001d440000)]
  0x000000001a3ba000 JavaThread "Handler for socket connection from /127.0.0.1:52616 to /127.0.0.1:52617" [_thread_in_native, id=11400, stack(0x000000001d040000,0x000000001d140000)]
  0x000000001a3b9000 JavaThread "Daemon" [_thread_blocked, id=11292, stack(0x000000001cf40000,0x000000001d040000)]
  0x0000000017c2d800 JavaThread "Daemon periodic checks" [_thread_blocked, id=14976, stack(0x000000001ce40000,0x000000001cf40000)]
  0x0000000017c29000 JavaThread "Incoming local TCP Connector on port 52616" [_thread_in_native, id=20980, stack(0x0000000019c20000,0x0000000019d20000)]
  0x000000001b6fb800 JavaThread "Daemon health stats" [_thread_blocked, id=19224, stack(0x0000000019b20000,0x0000000019c20000)]
  0x0000000019527000 JavaThread "Service Thread" daemon [_thread_blocked, id=23068, stack(0x0000000019920000,0x0000000019a20000)]
  0x0000000017c3c000 JavaThread "C1 CompilerThread2" daemon [_thread_blocked, id=22464, stack(0x0000000019420000,0x0000000019520000)]
=>0x0000000017c30800 JavaThread "C2 CompilerThread1" daemon [_thread_in_native, id=15236, stack(0x0000000019320000,0x0000000019420000)]
  0x0000000017be6800 JavaThread "C2 CompilerThread0" daemon [_thread_in_native, id=20832, stack(0x0000000019220000,0x0000000019320000)]
  0x0000000017be5000 JavaThread "Attach Listener" daemon [_thread_blocked, id=2884, stack(0x0000000019120000,0x0000000019220000)]
  0x0000000017be3800 JavaThread "Signal Dispatcher" daemon [_thread_blocked, id=21772, stack(0x0000000019020000,0x0000000019120000)]
  0x000000000157b800 JavaThread "Finalizer" daemon [_thread_blocked, id=21016, stack(0x0000000018e30000,0x0000000018f30000)]
  0x0000000017bc9000 JavaThread "Reference Handler" daemon [_thread_blocked, id=20604, stack(0x0000000018d30000,0x0000000018e30000)]
  0x0000000002fbe800 JavaThread "main" [_thread_blocked, id=22928, stack(0x0000000002e80000,0x0000000002f80000)]

Other Threads:
  0x0000000017ba7800 VMThread [stack: 0x0000000018c30000,0x0000000018d30000] [id=22724]
  0x0000000019528800 WatcherThread [stack: 0x0000000019a20000,0x0000000019b20000] [id=6024]

VM state:not at safepoint (normal execution)

VM Mutex/Monitor currently owned by a thread: None

heap address: 0x0000000080000000, size: 2048 MB, Compressed Oops mode: 32-bit
Narrow klass base: 0x0000000000000000, Narrow klass shift: 3
Compressed class space size: 1073741824 Address: 0x0000000100000000

Heap:
 PSYoungGen      total 233984K, used 26115K [0x00000000d5580000, 0x00000000e7d80000, 0x0000000100000000)
  eden space 201728K, 4% used [0x00000000d5580000,0x00000000d5e3fe28,0x00000000e1a80000)
  from space 32256K, 53% used [0x00000000e1a80000,0x00000000e2b41170,0x00000000e3a00000)
  to   space 31744K, 0% used [0x00000000e5e80000,0x00000000e5e80000,0x00000000e7d80000)
 ParOldGen       total 111616K, used 65812K [0x0000000080000000, 0x0000000086d00000, 0x00000000d5580000)
  object space 111616K, 58% used [0x0000000080000000,0x0000000084045198,0x0000000086d00000)
 Metaspace       used 87187K, capacity 91590K, committed 91800K, reserved 1128448K
  class space    used 11851K, capacity 12640K, committed 12720K, reserved 1048576K

Card table byte_map: [0x0000000012380000,0x0000000012790000] byte_map_base: 0x0000000011f80000

Marking Bits: (ParMarkBitMap*) 0x000000005639f030
 Begin Bits: [0x0000000012e40000, 0x0000000014e40000)
 End Bits:   [0x0000000014e40000, 0x0000000016e40000)

Polling page: 0x0000000001460000

CodeCache: size=245760Kb used=39055Kb max_used=39055Kb free=206704Kb
 bounds [0x0000000002fc0000, 0x0000000005620000, 0x0000000011fc0000]
 total_blobs=12459 nmethods=11559 adapters=810
 compilation: enabled

Compilation events (10 events):
Event: 77.556 Thread 0x0000000017c3c000 13631 %     3       com.android.tools.r8.ir.conversion.N::a @ 401 (3075 bytes)
Event: 77.586 Thread 0x0000000017c3c000 nmethod 13631% 0x00000000055d3450 code [0x00000000055d4e80, 0x00000000055e7d58]
Event: 77.587 Thread 0x0000000017c3c000 13632       2       com.android.tools.r8.ir.analysis.type.o$a::equals (18 bytes)
Event: 77.587 Thread 0x0000000017c3c000 nmethod 13632 0x000000000559e610 code [0x000000000559e760, 0x000000000559e930]
Event: 77.587 Thread 0x0000000017c3c000 13634       2       com.android.tools.r8.code.H0::hashCode (21 bytes)
Event: 77.587 Thread 0x0000000017c3c000 nmethod 13634 0x000000000559e250 code [0x000000000559e3c0, 0x000000000559e568]
Event: 77.591 Thread 0x0000000017c3c000 13635       1       com.android.tools.r8.ir.optimize.c0::a (5 bytes)
Event: 77.591 Thread 0x0000000017c3c000 nmethod 13635 0x000000000559df90 code [0x000000000559e0e0, 0x000000000559e1d0]
Event: 77.597 Thread 0x0000000017c3c000 13636       3       com.android.tools.r8.ir.conversion.N::a (3075 bytes)
Event: 77.629 Thread 0x0000000017c3c000 nmethod 13636 0x00000000055f6010 code [0x00000000055f7a20, 0x000000000560a6f8]

GC Heap History (10 events):
Event: 55.443 GC heap before
{Heap before GC invocations=20 (full 3):
 PSYoungGen      total 168960K, used 168716K [0x00000000d5580000, 0x00000000e1800000, 0x0000000100000000)
  eden space 157184K, 100% used [0x00000000d5580000,0x00000000def00000,0x00000000def00000)
  from space 11776K, 97% used [0x00000000e0c80000,0x00000000e17c31c8,0x00000000e1800000)
  to   space 16896K, 0% used [0x00000000df700000,0x00000000df700000,0x00000000e0780000)
 ParOldGen       total 111616K, used 29532K [0x0000000080000000, 0x0000000086d00000, 0x00000000d5580000)
  object space 111616K, 26% used [0x0000000080000000,0x0000000081cd73b8,0x0000000086d00000)
 Metaspace       used 70140K, capacity 73118K, committed 73240K, reserved 1112064K
  class space    used 9622K, capacity 10245K, committed 10288K, reserved 1048576K
Event: 55.472 GC heap after
Heap after GC invocations=20 (full 3):
 PSYoungGen      total 182272K, used 16888K [0x00000000d5580000, 0x00000000e3180000, 0x0000000100000000)
  eden space 165376K, 0% used [0x00000000d5580000,0x00000000d5580000,0x00000000df700000)
  from space 16896K, 99% used [0x00000000df700000,0x00000000e077e248,0x00000000e0780000)
  to   space 20992K, 0% used [0x00000000e1d00000,0x00000000e1d00000,0x00000000e3180000)
 ParOldGen       total 111616K, used 33520K [0x0000000080000000, 0x0000000086d00000, 0x00000000d5580000)
  object space 111616K, 30% used [0x0000000080000000,0x00000000820bc1b0,0x0000000086d00000)
 Metaspace       used 70140K, capacity 73118K, committed 73240K, reserved 1112064K
  class space    used 9622K, capacity 10245K, committed 10288K, reserved 1048576K
}
Event: 59.777 GC heap before
{Heap before GC invocations=21 (full 3):
 PSYoungGen      total 182272K, used 182264K [0x00000000d5580000, 0x00000000e3180000, 0x0000000100000000)
  eden space 165376K, 100% used [0x00000000d5580000,0x00000000df700000,0x00000000df700000)
  from space 16896K, 99% used [0x00000000df700000,0x00000000e077e248,0x00000000e0780000)
  to   space 20992K, 0% used [0x00000000e1d00000,0x00000000e1d00000,0x00000000e3180000)
 ParOldGen       total 111616K, used 33520K [0x0000000080000000, 0x0000000086d00000, 0x00000000d5580000)
  object space 111616K, 30% used [0x0000000080000000,0x00000000820bc1b0,0x0000000086d00000)
 Metaspace       used 74122K, capacity 77176K, committed 77464K, reserved 1116160K
  class space    used 10149K, capacity 10805K, committed 10928K, reserved 1048576K
Event: 59.801 GC heap after
Heap after GC invocations=21 (full 3):
 PSYoungGen      total 204800K, used 4645K [0x00000000d5580000, 0x00000000e3700000, 0x0000000100000000)
  eden space 183808K, 0% used [0x00000000d5580000,0x00000000d5580000,0x00000000e0900000)
  from space 20992K, 22% used [0x00000000e1d00000,0x00000000e21894a8,0x00000000e3180000)
  to   space 20480K, 0% used [0x00000000e0900000,0x00000000e0900000,0x00000000e1d00000)
 ParOldGen       total 111616K, used 47499K [0x0000000080000000, 0x0000000086d00000, 0x00000000d5580000)
  object space 111616K, 42% used [0x0000000080000000,0x0000000082e62ce8,0x0000000086d00000)
 Metaspace       used 74122K, capacity 77176K, committed 77464K, reserved 1116160K
  class space    used 10149K, capacity 10805K, committed 10928K, reserved 1048576K
}
Event: 68.166 GC heap before
{Heap before GC invocations=22 (full 3):
 PSYoungGen      total 204800K, used 188453K [0x00000000d5580000, 0x00000000e3700000, 0x0000000100000000)
  eden space 183808K, 100% used [0x00000000d5580000,0x00000000e0900000,0x00000000e0900000)
  from space 20992K, 22% used [0x00000000e1d00000,0x00000000e21894a8,0x00000000e3180000)
  to   space 20480K, 0% used [0x00000000e0900000,0x00000000e0900000,0x00000000e1d00000)
 ParOldGen       total 111616K, used 47499K [0x0000000080000000, 0x0000000086d00000, 0x00000000d5580000)
  object space 111616K, 42% used [0x0000000080000000,0x0000000082e62ce8,0x0000000086d00000)
 Metaspace       used 85259K, capacity 89508K, committed 89752K, reserved 1126400K
  class space    used 11671K, capacity 12447K, committed 12464K, reserved 1048576K
Event: 68.251 GC heap after
Heap after GC invocations=22 (full 3):
 PSYoungGen      total 204288K, used 20328K [0x00000000d5580000, 0x00000000e5100000, 0x0000000100000000)
  eden space 183808K, 0% used [0x00000000d5580000,0x00000000d5580000,0x00000000e0900000)
  from space 20480K, 99% used [0x00000000e0900000,0x00000000e1cda238,0x00000000e1d00000)
  to   space 23552K, 0% used [0x00000000e3a00000,0x00000000e3a00000,0x00000000e5100000)
 ParOldGen       total 111616K, used 47507K [0x0000000080000000, 0x0000000086d00000, 0x00000000d5580000)
  object space 111616K, 42% used [0x0000000080000000,0x0000000082e64ce8,0x0000000086d00000)
 Metaspace       used 85259K, capacity 89508K, committed 89752K, reserved 1126400K
  class space    used 11671K, capacity 12447K, committed 12464K, reserved 1048576K
}
Event: 73.880 GC heap before
{Heap before GC invocations=23 (full 3):
 PSYoungGen      total 204288K, used 204136K [0x00000000d5580000, 0x00000000e5100000, 0x0000000100000000)
  eden space 183808K, 100% used [0x00000000d5580000,0x00000000e0900000,0x00000000e0900000)
  from space 20480K, 99% used [0x00000000e0900000,0x00000000e1cda238,0x00000000e1d00000)
  to   space 23552K, 0% used [0x00000000e3a00000,0x00000000e3a00000,0x00000000e5100000)
 ParOldGen       total 111616K, used 47507K [0x0000000080000000, 0x0000000086d00000, 0x00000000d5580000)
  object space 111616K, 42% used [0x0000000080000000,0x0000000082e64ce8,0x0000000086d00000)
 Metaspace       used 86812K, capacity 91110K, committed 91288K, reserved 1128448K
  class space    used 11828K, capacity 12602K, committed 12720K, reserved 1048576K
Event: 73.998 GC heap after
Heap after GC invocations=23 (full 3):
 PSYoungGen      total 225280K, used 23531K [0x00000000d5580000, 0x00000000e6480000, 0x0000000100000000)
  eden space 201728K, 0% used [0x00000000d5580000,0x00000000d5580000,0x00000000e1a80000)
  from space 23552K, 99% used [0x00000000e3a00000,0x00000000e50fafe0,0x00000000e5100000)
  to   space 32256K, 0% used [0x00000000e1a80000,0x00000000e1a80000,0x00000000e3a00000)
 ParOldGen       total 111616K, used 59724K [0x0000000080000000, 0x0000000086d00000, 0x00000000d5580000)
  object space 111616K, 53% used [0x0000000080000000,0x0000000083a53230,0x0000000086d00000)
 Metaspace       used 86812K, capacity 91110K, committed 91288K, reserved 1128448K
  class space    used 11828K, capacity 12602K, committed 12720K, reserved 1048576K
}
Event: 77.391 GC heap before
{Heap before GC invocations=24 (full 3):
 PSYoungGen      total 225280K, used 225259K [0x00000000d5580000, 0x00000000e6480000, 0x0000000100000000)
  eden space 201728K, 100% used [0x00000000d5580000,0x00000000e1a80000,0x00000000e1a80000)
  from space 23552K, 99% used [0x00000000e3a00000,0x00000000e50fafe0,0x00000000e5100000)
  to   space 32256K, 0% used [0x00000000e1a80000,0x00000000e1a80000,0x00000000e3a00000)
 ParOldGen       total 111616K, used 59724K [0x0000000080000000, 0x0000000086d00000, 0x00000000d5580000)
  object space 111616K, 53% used [0x0000000080000000,0x0000000083a53230,0x0000000086d00000)
 Metaspace       used 87185K, capacity 91590K, committed 91800K, reserved 1128448K
  class space    used 11851K, capacity 12640K, committed 12720K, reserved 1048576K
Event: 77.514 GC heap after
Heap after GC invocations=24 (full 3):
 PSYoungGen      total 233984K, used 17156K [0x00000000d5580000, 0x00000000e7d80000, 0x0000000100000000)
  eden space 201728K, 0% used [0x00000000d5580000,0x00000000d5580000,0x00000000e1a80000)
  from space 32256K, 53% used [0x00000000e1a80000,0x00000000e2b41170,0x00000000e3a00000)
  to   space 31744K, 0% used [0x00000000e5e80000,0x00000000e5e80000,0x00000000e7d80000)
 ParOldGen       total 111616K, used 65812K [0x0000000080000000, 0x0000000086d00000, 0x00000000d5580000)
  object space 111616K, 58% used [0x0000000080000000,0x0000000084045198,0x0000000086d00000)
 Metaspace       used 87185K, capacity 91590K, committed 91800K, reserved 1128448K
  class space    used 11851K, capacity 12640K, committed 12720K, reserved 1048576K
}

Deoptimization events (10 events):
Event: 76.134 Thread 0x000000001a38a800 Uncommon trap: reason=unstable_if action=reinterpret pc=0x000000000473569c method=com.android.tools.r8.ir.optimize.I.a(Lcom/android/tools/r8/u/b/h0;)Z @ 164
Event: 76.299 Thread 0x000000001a38a800 Uncommon trap: reason=class_check action=maybe_recompile pc=0x000000000523d32c method=com.android.tools.r8.u.b.i0.f()Lcom/android/tools/r8/u/b/h0; @ 3
Event: 77.154 Thread 0x000000002132a000 Uncommon trap: reason=class_check action=maybe_recompile pc=0x0000000004e4861c method=com.android.tools.r8.ir.conversion.N.a(Lcom/android/tools/r8/u/b/h0;Lcom/android/tools/r8/u/b/S0;)V @ 288
Event: 77.154 Thread 0x000000002132a000 Uncommon trap: reason=class_check action=maybe_recompile pc=0x0000000004e4861c method=com.android.tools.r8.ir.conversion.N.a(Lcom/android/tools/r8/u/b/h0;Lcom/android/tools/r8/u/b/S0;)V @ 288
Event: 77.154 Thread 0x000000002132a000 Uncommon trap: reason=class_check action=maybe_recompile pc=0x0000000004e4861c method=com.android.tools.r8.ir.conversion.N.a(Lcom/android/tools/r8/u/b/h0;Lcom/android/tools/r8/u/b/S0;)V @ 288
Event: 77.155 Thread 0x000000002132a000 Uncommon trap: reason=class_check action=maybe_recompile pc=0x0000000004e4861c method=com.android.tools.r8.ir.conversion.N.a(Lcom/android/tools/r8/u/b/h0;Lcom/android/tools/r8/u/b/S0;)V @ 288
Event: 77.290 Thread 0x000000002132a000 Uncommon trap: reason=unstable_if action=reinterpret pc=0x0000000004f96038 method=com.android.tools.r8.ir.conversion.o.e(I)Lcom/android/tools/r8/graph/r; @ 4
Event: 77.296 Thread 0x000000002132a000 Uncommon trap: reason=unstable_if action=reinterpret pc=0x00000000055825e8 method=com.android.tools.r8.ir.conversion.o.d(I)Lcom/android/tools/r8/u/b/S0; @ 3
Event: 77.298 Thread 0x000000002132a000 Uncommon trap: reason=unstable_if action=reinterpret pc=0x000000000556b588 method=com.android.tools.r8.ir.conversion.o.a(Lcom/android/tools/r8/ir/conversion/N;IZ)V @ 3
Event: 77.298 Thread 0x000000002132a000 Uncommon trap: reason=unstable_if action=reinterpret pc=0x0000000004c21834 method=com.android.tools.r8.ir.conversion.o.e(I)Lcom/android/tools/r8/graph/r; @ 4

Classes redefined (0 events):
No events

Internal exceptions (10 events):
Event: 66.650 Thread 0x000000001e876000 Exception <a 'sun/nio/fs/WindowsException'> (0x00000000df681240) thrown at [C:\src\AOSP-openjdk-git\hotspot\src\share\vm\prims\jni.cpp, line 710]
Event: 66.802 Thread 0x000000001e876000 Exception <a 'sun/nio/fs/WindowsException'> (0x00000000df693ee0) thrown at [C:\src\AOSP-openjdk-git\hotspot\src\share\vm\prims\jni.cpp, line 710]
Event: 66.858 Thread 0x000000001e876000 Exception <a 'sun/nio/fs/WindowsException'> (0x00000000df69bf68) thrown at [C:\src\AOSP-openjdk-git\hotspot\src\share\vm\prims\jni.cpp, line 710]
Event: 68.051 Thread 0x000000002132a800 Exception <a 'sun/nio/fs/WindowsException'> (0x00000000e0635868) thrown at [C:\src\AOSP-openjdk-git\hotspot\src\share\vm\prims\jni.cpp, line 710]
Event: 68.092 Thread 0x000000002132a000 Exception <a 'sun/nio/fs/WindowsException'> (0x00000000e068d698) thrown at [C:\src\AOSP-openjdk-git\hotspot\src\share\vm\prims\jni.cpp, line 710]
Event: 68.583 Thread 0x000000002132a000 Exception <a 'sun/nio/fs/WindowsException'> (0x00000000d5fc6118) thrown at [C:\src\AOSP-openjdk-git\hotspot\src\share\vm\prims\jni.cpp, line 710]
Event: 69.176 Thread 0x000000001a38a800 Exception <a 'sun/nio/fs/WindowsException'> (0x00000000d6ddf440) thrown at [C:\src\AOSP-openjdk-git\hotspot\src\share\vm\prims\jni.cpp, line 710]
Event: 70.848 Thread 0x000000002132a000 Exception <a 'sun/nio/fs/WindowsException'> (0x00000000dabe83c0) thrown at [C:\src\AOSP-openjdk-git\hotspot\src\share\vm\prims\jni.cpp, line 710]
Event: 76.089 Thread 0x000000002132a800 Implicit null exception at 0x0000000004ea72cf to 0x0000000004ea7431
Event: 76.233 Thread 0x000000002132a800 Exception <a 'sun/nio/fs/WindowsException'> (0x00000000de967f78) thrown at [C:\src\AOSP-openjdk-git\hotspot\src\share\vm\prims\jni.cpp, line 710]

Events (10 events):
Event: 77.298 Thread 0x000000002132a000 Uncommon trap: trap_request=0xffffff65 fr.pc=0x000000000556b588
Event: 77.298 Thread 0x000000002132a000 DEOPT PACKING pc=0x000000000556b588 sp=0x000000002581a670
Event: 77.298 Thread 0x000000002132a000 DEOPT UNPACKING pc=0x000000000300557b sp=0x000000002581a690 mode 2
Event: 77.298 Thread 0x000000002132a000 Uncommon trap: trap_request=0xffffff65 fr.pc=0x0000000004c21834
Event: 77.298 Thread 0x000000002132a000 DEOPT PACKING pc=0x0000000004c21834 sp=0x000000002581a570
Event: 77.298 Thread 0x000000002132a000 DEOPT UNPACKING pc=0x000000000300557b sp=0x000000002581a528 mode 2
Event: 77.390 Executing VM operation: ParallelGCFailedAllocation
Event: 77.514 Executing VM operation: ParallelGCFailedAllocation done
Event: 77.561 Thread 0x000000001a38a800 DEOPT PACKING pc=0x0000000004f15bd9 sp=0x000000001d5371b0
Event: 77.561 Thread 0x000000001a38a800 DEOPT UNPACKING pc=0x00000000030075d0 sp=0x000000001d5371e8 mode 0


Dynamic libraries:
0x00007ff7aac60000 - 0x00007ff7aac91000 	C:\Program Files\Android\Android Studio\jre\bin\java.exe
0x00007fff7f540000 - 0x00007fff7f71b000 	C:\Windows\SYSTEM32\ntdll.dll
0x00007fff7f370000 - 0x00007fff7f41e000 	C:\Windows\System32\KERNEL32.DLL
0x00007fff7baf0000 - 0x00007fff7bd3a000 	C:\Windows\System32\KERNELBASE.dll
0x00007fff7e2a0000 - 0x00007fff7e341000 	C:\Windows\System32\ADVAPI32.dll
0x00007fff7e410000 - 0x00007fff7e4ad000 	C:\Windows\System32\msvcrt.dll
0x00007fff7cbf0000 - 0x00007fff7cc49000 	C:\Windows\System32\sechost.dll
0x00007fff7cd30000 - 0x00007fff7ce55000 	C:\Windows\System32\RPCRT4.dll
0x00007fff7e4b0000 - 0x00007fff7e5fa000 	C:\Windows\System32\USER32.dll
0x00007fff7ca80000 - 0x00007fff7ca9e000 	C:\Windows\System32\win32u.dll
0x00007fff7e600000 - 0x00007fff7e627000 	C:\Windows\System32\GDI32.dll
0x00007fff7c020000 - 0x00007fff7c1a8000 	C:\Windows\System32\gdi32full.dll
0x00007fff7ba50000 - 0x00007fff7baea000 	C:\Windows\System32\msvcp_win.dll
0x00007fff7be20000 - 0x00007fff7bf14000 	C:\Windows\System32\ucrtbase.dll
0x00007fff6ca80000 - 0x00007fff6cce7000 	C:\Windows\WinSxS\amd64_microsoft.windows.common-controls_6595b64144ccf1df_6.0.15063.1897_none_40cb64bd29a40d00\COMCTL32.dll
0x00007fff7f060000 - 0x00007fff7f356000 	C:\Windows\System32\combase.dll
0x00007fff7bd40000 - 0x00007fff7bdb5000 	C:\Windows\System32\bcryptPrimitives.dll
0x00007fff7cc50000 - 0x00007fff7cc7d000 	C:\Windows\System32\IMM32.DLL
0x0000000001240000 - 0x0000000001252000 	C:\Windows\System32\umppc11206.dll
0x0000000058c20000 - 0x0000000058cf2000 	C:\Program Files\Android\Android Studio\jre\jre\bin\msvcr100.dll
0x0000000055bd0000 - 0x000000005641b000 	C:\Program Files\Android\Android Studio\jre\jre\bin\server\jvm.dll
0x00007fff7e9a0000 - 0x00007fff7e9a8000 	C:\Windows\System32\PSAPI.DLL
0x00007fff64980000 - 0x00007fff64989000 	C:\Windows\SYSTEM32\WSOCK32.dll
0x00007fff7e930000 - 0x00007fff7e99c000 	C:\Windows\System32\WS2_32.dll
0x00007fff73af0000 - 0x00007fff73b13000 	C:\Windows\SYSTEM32\WINMM.dll
0x00007fff74dd0000 - 0x00007fff74dda000 	C:\Windows\SYSTEM32\VERSION.dll
0x00007fff73ac0000 - 0x00007fff73aeb000 	C:\Windows\SYSTEM32\WINMMBASE.dll
0x00007fff7bf20000 - 0x00007fff7bf69000 	C:\Windows\System32\cfgmgr32.dll
0x00007fff71d50000 - 0x00007fff71d5f000 	C:\Program Files\Android\Android Studio\jre\jre\bin\verify.dll
0x00007fff6c0b0000 - 0x00007fff6c0d9000 	C:\Program Files\Android\Android Studio\jre\jre\bin\java.dll
0x00007fff6c2b0000 - 0x00007fff6c2c6000 	C:\Program Files\Android\Android Studio\jre\jre\bin\zip.dll
0x00007fff7ce60000 - 0x00007fff7e298000 	C:\Windows\System32\SHELL32.dll
0x00007fff7cc80000 - 0x00007fff7cd2a000 	C:\Windows\System32\shcore.dll
0x00007fff7c1b0000 - 0x00007fff7c8a1000 	C:\Windows\System32\windows.storage.dll
0x00007fff7e3b0000 - 0x00007fff7e401000 	C:\Windows\System32\shlwapi.dll
0x00007fff7ba10000 - 0x00007fff7ba21000 	C:\Windows\System32\kernel.appcore.dll
0x00007fff7b9c0000 - 0x00007fff7ba0c000 	C:\Windows\System32\powrprof.dll
0x00007fff7b9a0000 - 0x00007fff7b9b5000 	C:\Windows\System32\profapi.dll
0x00007fff6bf80000 - 0x00007fff6bf9a000 	C:\Program Files\Android\Android Studio\jre\jre\bin\net.dll
0x00007fff7b2a0000 - 0x00007fff7b2fc000 	C:\Windows\system32\mswsock.dll
0x00007fff6bf60000 - 0x00007fff6bf73000 	C:\Program Files\Android\Android Studio\jre\jre\bin\nio.dll
0x00007fff79ff0000 - 0x00007fff7a016000 	C:\Users\jmohan8.EAD\.gradle\native\31\windows-amd64\native-platform.dll
0x00007fff71d40000 - 0x00007fff71d4d000 	C:\Program Files\Android\Android Studio\jre\jre\bin\management.dll
0x00007fff7b440000 - 0x00007fff7b457000 	C:\Windows\SYSTEM32\CRYPTSP.dll
0x00007fff7ae80000 - 0x00007fff7aeb4000 	C:\Windows\system32\rsaenh.dll
0x00007fff7b550000 - 0x00007fff7b575000 	C:\Windows\SYSTEM32\bcrypt.dll
0x00007fff7b8a0000 - 0x00007fff7b8c9000 	C:\Windows\SYSTEM32\USERENV.dll
0x00007fff7b460000 - 0x00007fff7b46b000 	C:\Windows\SYSTEM32\CRYPTBASE.dll
0x00007fff7b000000 - 0x00007fff7b037000 	C:\Windows\SYSTEM32\IPHLPAPI.DLL
0x00007fff7f360000 - 0x00007fff7f368000 	C:\Windows\System32\NSI.dll
0x00007fff76cd0000 - 0x00007fff76ce6000 	C:\Windows\SYSTEM32\dhcpcsvc6.DLL
0x00007fff76c60000 - 0x00007fff76c7a000 	C:\Windows\SYSTEM32\dhcpcsvc.DLL
0x00007fff755e0000 - 0x00007fff755fe000 	C:\Users\jmohan8.EAD\AppData\Local\Temp\1\native-platform1256958671543613801dir\native-platform.dll

VM Arguments:
jvm_args: -Xmx2048m -Dfile.encoding=windows-1252 -Duser.country=US -Duser.language=en -Duser.variant 
java_command: org.gradle.launcher.daemon.bootstrap.GradleDaemon 6.1.1
java_class_path (initial): C:\Users\jmohan8.EAD\.gradle\wrapper\dists\gradle-6.1.1-all\cfmwm155h49vnt3hynmlrsdst\gradle-6.1.1\lib\gradle-launcher-6.1.1.jar
Launcher Type: SUN_STANDARD

Environment Variables:
PATH=C:\Program Files (x86)\Common Files\Oracle\Java\javapath;c:\programdata\oracle\java\javapath;C:\Windows\system32;C:\Windows;C:\Windows\system32\wbem;C:\Windows\system32\windowspowershell\v1.0\;c:\program files (x86)\checkpoint\endpoint security\endpoint common\bin;c:\program files (x86)\symantec\vip access client\;c:\windows\system32;C:\Program Files (x86)\Intel\Intel(R) Management Engine Components\DAL;C:\Program Files\Intel\Intel(R) Management Engine Components\DAL;C:\Program Files\Intel\WiFi\bin\;C:\Program Files\Common Files\Intel\WirelessCommon\;C:\Users\jmohan8.EAD\AppData\Local\Android\Sdk\platform-tools;C:\Users\jmohan8.EAD\AppData\Local\Android\Sdk\tools;C:\Users\jmohan8.EAD\AppData\Local\Android\Sdk\tools\bin;C:\Program Files\Git\cmd;C:\Users\jmohan8.EAD\AppData\Local\Microsoft\WindowsApps;C:\Program Files\Intel\WiFi\bin\;C:\Program Files\Common Files\Intel\WirelessCommon\;C:\Program Files\JetBrains\IntelliJ IDEA Community Edition 2019.3.4\bin;
USERNAME=jmohan8
OS=Windows_NT
PROCESSOR_IDENTIFIER=Intel64 Family 6 Model 78 Stepping 3, GenuineIntel



---------------  S Y S T E M  ---------------

OS: Windows 10.0 , 64 bit Build 15063 (10.0.15063.1805)

CPU:total 4 (initial active 4) (2 cores per cpu, 2 threads per core) family 6 model 78 stepping 3, cmov, cx8, fxsr, mmx, sse, sse2, sse3, ssse3, sse4.1, sse4.2, popcnt, avx, avx2, aes, clmul, erms, rtm, 3dnowpref, lzcnt, ht, tsc, tscinvbit, bmi1, bmi2, adx

Memory: 4k page, physical 7773780k(164880k free), swap 15965780k(6520k free)

vm_info: OpenJDK 64-Bit Server VM (25.242-b01) for windows-amd64 JRE (1.8.0_242-release-1644-b01), built by "builder" with MS VC++ 10.0 (VS2010)

time: Thu Jun 25 05:19:58 2020
timezone: India Standard Time
elapsed time: 77 seconds (0d 0h 1m 17s)

