#
# There is insufficient memory for the Java Runtime Environment to continue.
# Native memory allocation (malloc) failed to allocate 32744 bytes for ChunkPool::allocate
# Possible reasons:
#   The system is out of physical RAM or swap space
#   The process is running with CompressedOops enabled, and the Java Heap may be blocking the growth of the native heap
# Possible solutions:
#   Reduce memory load on the system
#   Increase physical memory or swap space
#   Check if swap backing store is full
#   Decrease Java heap size (-Xmx/-Xms)
#   Decrease number of Java threads
#   Decrease Java thread stack sizes (-Xss)
#   Set larger code cache with -XX:ReservedCodeCacheSize=
#   JVM is running with Unscaled Compressed Oops mode in which the Java heap is
#     placed in the first 4GB address space. The Java Heap base address is the
#     maximum limit for the native heap growth. Please use -XX:HeapBaseMinAddress
#     to set the Java Heap base and to place the Java Heap above 4GB virtual address.
# This output file may be truncated or incomplete.
#
#  Out of Memory Error (allocation.cpp:272), pid=14380, tid=0x00000000000024b8
#
# JRE version: OpenJDK Runtime Environment (8.0_242-b01) (build 1.8.0_242-release-1644-b01)
# Java VM: OpenJDK 64-Bit Server VM (25.242-b01 mixed mode windows-amd64 compressed oops)
# Failed to write core dump. Minidumps are not enabled by default on client versions of Windows
#

---------------  T H R E A D  ---------------

Current thread (0x0000000016f4f800):  JavaThread "C2 CompilerThread1" daemon [_thread_in_native, id=9400, stack(0x00000000185b0000,0x00000000186b0000)]

Stack: [0x00000000185b0000,0x00000000186b0000]
[error occurred during error reporting (printing stack bounds), id 0xc0000005]

Native frames: (J=compiled Java code, j=interpreted, Vv=VM code, C=native code)


Current CompileTask:
C2:   4454 1589   !   4       java.net.URLClassLoader$1::run (63 bytes)


---------------  P R O C E S S  ---------------

Java Threads: ( => current thread )
  0x00000000187d3800 JavaThread "Service Thread" daemon [_thread_blocked, id=4676, stack(0x0000000018bb0000,0x0000000018cb0000)]
  0x0000000016f53000 JavaThread "C1 CompilerThread2" daemon [_thread_blocked, id=3832, stack(0x00000000186b0000,0x00000000187b0000)]
=>0x0000000016f4f800 JavaThread "C2 CompilerThread1" daemon [_thread_in_native, id=9400, stack(0x00000000185b0000,0x00000000186b0000)]
  0x0000000016f4b800 JavaThread "C2 CompilerThread0" daemon [_thread_in_native, id=10176, stack(0x00000000184b0000,0x00000000185b0000)]
  0x0000000016f4a000 JavaThread "Attach Listener" daemon [_thread_blocked, id=19720, stack(0x00000000183b0000,0x00000000184b0000)]
  0x0000000016f48800 JavaThread "Signal Dispatcher" daemon [_thread_blocked, id=13604, stack(0x00000000182b0000,0x00000000183b0000)]
  0x000000000278a000 JavaThread "Finalizer" daemon [_thread_blocked, id=15852, stack(0x00000000181b0000,0x00000000182b0000)]
  0x0000000002784800 JavaThread "Reference Handler" daemon [_thread_blocked, id=16840, stack(0x00000000180b0000,0x00000000181b0000)]
  0x0000000002695800 JavaThread "main" [_thread_in_native, id=14636, stack(0x00000000024b0000,0x00000000025b0000)]

Other Threads:
  0x0000000016f07800 VMThread [stack: 0x0000000017fb0000,0x00000000180b0000] [id=14592]
  0x00000000187cb000 WatcherThread [stack: 0x0000000018cb0000,0x0000000018db0000] [id=19428]

VM state:not at safepoint (normal execution)

VM Mutex/Monitor currently owned by a thread: None

heap address: 0x0000000089600000, size: 1898 MB, Compressed Oops mode: 32-bit
Narrow klass base: 0x0000000000000000, Narrow klass shift: 3
Compressed class space size: 1073741824 Address: 0x0000000100000000

Heap:
 PSYoungGen      total 35840K, used 4431K [0x00000000d8780000, 0x00000000dcd80000, 0x0000000100000000)
  eden space 30720K, 14% used [0x00000000d8780000,0x00000000d8bd3e90,0x00000000da580000)
  from space 5120K, 0% used [0x00000000da580000,0x00000000da580000,0x00000000daa80000)
  to   space 5120K, 0% used [0x00000000dc880000,0x00000000dc880000,0x00000000dcd80000)
 ParOldGen       total 64000K, used 9853K [0x0000000089600000, 0x000000008d480000, 0x00000000d8780000)
  object space 64000K, 15% used [0x0000000089600000,0x0000000089f9f4d0,0x000000008d480000)
 Metaspace       used 21844K, capacity 22268K, committed 22448K, reserved 1069056K
  class space    used 2609K, capacity 2736K, committed 2736K, reserved 1048576K

Card table byte_map: [0x0000000011c50000,0x0000000012010000] byte_map_base: 0x0000000011805000

Marking Bits: (ParMarkBitMap*) 0x000000005639f030
 Begin Bits: [0x0000000012690000, 0x0000000014438000)
 End Bits:   [0x0000000014438000, 0x00000000161e0000)

Polling page: 0x0000000000a80000

CodeCache: size=245760Kb used=5123Kb max_used=5123Kb free=240636Kb
 bounds [0x0000000002890000, 0x0000000002da0000, 0x0000000011890000]
 total_blobs=2077 nmethods=1661 adapters=329
 compilation: enabled

Compilation events (10 events):
Event: 4.402 Thread 0x0000000016f53000 1661   !   3       java.util.zip.ZipFile$ZipEntryIterator::hasNext (41 bytes)
Event: 4.402 Thread 0x0000000016f53000 nmethod 1661 0x0000000002d8e610 code [0x0000000002d8e780, 0x0000000002d8eb88]
Event: 4.402 Thread 0x0000000016f53000 1662   !   3       java.util.zip.ZipFile$ZipEntryIterator::next (212 bytes)
Event: 4.404 Thread 0x0000000016f53000 nmethod 1662 0x0000000002d8ed90 code [0x0000000002d8f100, 0x0000000002d90a78]
Event: 4.404 Thread 0x0000000016f53000 1663       3       org.jetbrains.kotlin.com.intellij.openapi.util.text.StringUtilRt::endsWithChar (37 bytes)
Event: 4.405 Thread 0x0000000016f53000 nmethod 1663 0x0000000002d91ed0 code [0x0000000002d92060, 0x0000000002d924a8]
Event: 4.410 Thread 0x0000000016f53000 1666       3       org.jetbrains.kotlin.com.intellij.util.SmartList::checkOutOfBounds (58 bytes)
Event: 4.411 Thread 0x0000000016f53000 nmethod 1666 0x0000000002d925d0 code [0x0000000002d927e0, 0x0000000002d932d8]
Event: 4.412 Thread 0x0000000016f53000 1667       1       gnu.trove.THash::size (5 bytes)
Event: 4.412 Thread 0x0000000016f53000 nmethod 1667 0x0000000002d93790 code [0x0000000002d938e0, 0x0000000002d939f0]

GC Heap History (8 events):
Event: 1.779 GC heap before
{Heap before GC invocations=1 (full 0):
 PSYoungGen      total 35840K, used 30720K [0x00000000d8780000, 0x00000000daf80000, 0x0000000100000000)
  eden space 30720K, 100% used [0x00000000d8780000,0x00000000da580000,0x00000000da580000)
  from space 5120K, 0% used [0x00000000daa80000,0x00000000daa80000,0x00000000daf80000)
  to   space 5120K, 0% used [0x00000000da580000,0x00000000da580000,0x00000000daa80000)
 ParOldGen       total 81920K, used 0K [0x0000000089600000, 0x000000008e600000, 0x00000000d8780000)
  object space 81920K, 0% used [0x0000000089600000,0x0000000089600000,0x000000008e600000)
 Metaspace       used 9692K, capacity 9852K, committed 10112K, reserved 1058816K
  class space    used 1045K, capacity 1116K, committed 1152K, reserved 1048576K
Event: 1.790 GC heap after
Heap after GC invocations=1 (full 0):
 PSYoungGen      total 35840K, used 5099K [0x00000000d8780000, 0x00000000daf80000, 0x0000000100000000)
  eden space 30720K, 0% used [0x00000000d8780000,0x00000000d8780000,0x00000000da580000)
  from space 5120K, 99% used [0x00000000da580000,0x00000000daa7af98,0x00000000daa80000)
  to   space 5120K, 0% used [0x00000000daa80000,0x00000000daa80000,0x00000000daf80000)
 ParOldGen       total 81920K, used 2041K [0x0000000089600000, 0x000000008e600000, 0x00000000d8780000)
  object space 81920K, 2% used [0x0000000089600000,0x00000000897fe528,0x000000008e600000)
 Metaspace       used 9692K, capacity 9852K, committed 10112K, reserved 1058816K
  class space    used 1045K, capacity 1116K, committed 1152K, reserved 1048576K
}
Event: 2.921 GC heap before
{Heap before GC invocations=2 (full 0):
 PSYoungGen      total 35840K, used 35819K [0x00000000d8780000, 0x00000000daf80000, 0x0000000100000000)
  eden space 30720K, 100% used [0x00000000d8780000,0x00000000da580000,0x00000000da580000)
  from space 5120K, 99% used [0x00000000da580000,0x00000000daa7af98,0x00000000daa80000)
  to   space 5120K, 0% used [0x00000000daa80000,0x00000000daa80000,0x00000000daf80000)
 ParOldGen       total 81920K, used 2041K [0x0000000089600000, 0x000000008e600000, 0x00000000d8780000)
  object space 81920K, 2% used [0x0000000089600000,0x00000000897fe528,0x000000008e600000)
 Metaspace       used 15029K, capacity 15344K, committed 15488K, reserved 1062912K
  class space    used 1736K, capacity 1842K, committed 1920K, reserved 1048576K
Event: 2.937 GC heap after
Heap after GC invocations=2 (full 0):
 PSYoungGen      total 35840K, used 5088K [0x00000000d8780000, 0x00000000daf80000, 0x0000000100000000)
  eden space 30720K, 0% used [0x00000000d8780000,0x00000000d8780000,0x00000000da580000)
  from space 5120K, 99% used [0x00000000daa80000,0x00000000daf78020,0x00000000daf80000)
  to   space 5120K, 0% used [0x00000000da580000,0x00000000da580000,0x00000000daa80000)
 ParOldGen       total 81920K, used 6403K [0x0000000089600000, 0x000000008e600000, 0x00000000d8780000)
  object space 81920K, 7% used [0x0000000089600000,0x0000000089c40cd8,0x000000008e600000)
 Metaspace       used 15029K, capacity 15344K, committed 15488K, reserved 1062912K
  class space    used 1736K, capacity 1842K, committed 1920K, reserved 1048576K
}
Event: 3.884 GC heap before
{Heap before GC invocations=3 (full 0):
 PSYoungGen      total 35840K, used 28184K [0x00000000d8780000, 0x00000000daf80000, 0x0000000100000000)
  eden space 30720K, 75% used [0x00000000d8780000,0x00000000d9e0e0b8,0x00000000da580000)
  from space 5120K, 99% used [0x00000000daa80000,0x00000000daf78020,0x00000000daf80000)
  to   space 5120K, 0% used [0x00000000da580000,0x00000000da580000,0x00000000daa80000)
 ParOldGen       total 81920K, used 6403K [0x0000000089600000, 0x000000008e600000, 0x00000000d8780000)
  object space 81920K, 7% used [0x0000000089600000,0x0000000089c40cd8,0x000000008e600000)
 Metaspace       used 20810K, capacity 21190K, committed 21296K, reserved 1069056K
  class space    used 2461K, capacity 2593K, committed 2608K, reserved 1048576K
Event: 3.897 GC heap after
Heap after GC invocations=3 (full 0):
 PSYoungGen      total 35840K, used 5104K [0x00000000d8780000, 0x00000000dcd80000, 0x0000000100000000)
  eden space 30720K, 0% used [0x00000000d8780000,0x00000000d8780000,0x00000000da580000)
  from space 5120K, 99% used [0x00000000da580000,0x00000000daa7c030,0x00000000daa80000)
  to   space 5120K, 0% used [0x00000000dc880000,0x00000000dc880000,0x00000000dcd80000)
 ParOldGen       total 81920K, used 11332K [0x0000000089600000, 0x000000008e600000, 0x00000000d8780000)
  object space 81920K, 13% used [0x0000000089600000,0x000000008a111048,0x000000008e600000)
 Metaspace       used 20810K, capacity 21190K, committed 21296K, reserved 1069056K
  class space    used 2461K, capacity 2593K, committed 2608K, reserved 1048576K
}
Event: 3.897 GC heap before
{Heap before GC invocations=4 (full 1):
 PSYoungGen      total 35840K, used 5104K [0x00000000d8780000, 0x00000000dcd80000, 0x0000000100000000)
  eden space 30720K, 0% used [0x00000000d8780000,0x00000000d8780000,0x00000000da580000)
  from space 5120K, 99% used [0x00000000da580000,0x00000000daa7c030,0x00000000daa80000)
  to   space 5120K, 0% used [0x00000000dc880000,0x00000000dc880000,0x00000000dcd80000)
 ParOldGen       total 81920K, used 11332K [0x0000000089600000, 0x000000008e600000, 0x00000000d8780000)
  object space 81920K, 13% used [0x0000000089600000,0x000000008a111048,0x000000008e600000)
 Metaspace       used 20810K, capacity 21190K, committed 21296K, reserved 1069056K
  class space    used 2461K, capacity 2593K, committed 2608K, reserved 1048576K
Event: 3.950 GC heap after
Heap after GC invocations=4 (full 1):
 PSYoungGen      total 35840K, used 0K [0x00000000d8780000, 0x00000000dcd80000, 0x0000000100000000)
  eden space 30720K, 0% used [0x00000000d8780000,0x00000000d8780000,0x00000000da580000)
  from space 5120K, 0% used [0x00000000da580000,0x00000000da580000,0x00000000daa80000)
  to   space 5120K, 0% used [0x00000000dc880000,0x00000000dc880000,0x00000000dcd80000)
 ParOldGen       total 64000K, used 9853K [0x0000000089600000, 0x000000008d480000, 0x00000000d8780000)
  object space 64000K, 15% used [0x0000000089600000,0x0000000089f9f4d0,0x000000008d480000)
 Metaspace       used 20810K, capacity 21190K, committed 21296K, reserved 1069056K
  class space    used 2461K, capacity 2593K, committed 2608K, reserved 1048576K
}

Deoptimization events (10 events):
Event: 2.524 Thread 0x0000000002695800 Uncommon trap: reason=unstable_if action=reinterpret pc=0x0000000002a85338 method=java.lang.String.<init>([CII)V @ 18
Event: 3.152 Thread 0x0000000002695800 Uncommon trap: reason=class_check action=maybe_recompile pc=0x0000000002c18180 method=java.util.Collections$UnmodifiableCollection.size()I @ 4
Event: 3.155 Thread 0x0000000002695800 Uncommon trap: reason=class_check action=maybe_recompile pc=0x0000000002c18180 method=java.util.Collections$UnmodifiableCollection.size()I @ 4
Event: 3.665 Thread 0x0000000002695800 Uncommon trap: reason=class_check action=maybe_recompile pc=0x0000000002c18180 method=java.util.Collections$UnmodifiableCollection.size()I @ 4
Event: 3.665 Thread 0x0000000002695800 Uncommon trap: reason=class_check action=maybe_recompile pc=0x0000000002c2f2ac method=java.util.Collections$UnmodifiableList.get(I)Ljava/lang/Object; @ 5
Event: 3.665 Thread 0x0000000002695800 Uncommon trap: reason=class_check action=maybe_recompile pc=0x0000000002c2f2ac method=java.util.Collections$UnmodifiableList.get(I)Ljava/lang/Object; @ 5
Event: 3.675 Thread 0x0000000002695800 Uncommon trap: reason=class_check action=maybe_recompile pc=0x0000000002c18180 method=java.util.Collections$UnmodifiableCollection.size()I @ 4
Event: 3.675 Thread 0x0000000002695800 Uncommon trap: reason=class_check action=maybe_recompile pc=0x0000000002c2f2ac method=java.util.Collections$UnmodifiableList.get(I)Ljava/lang/Object; @ 5
Event: 3.675 Thread 0x0000000002695800 Uncommon trap: reason=class_check action=maybe_recompile pc=0x0000000002c2f2ac method=java.util.Collections$UnmodifiableList.get(I)Ljava/lang/Object; @ 5
Event: 3.677 Thread 0x0000000002695800 Uncommon trap: reason=unstable_if action=reinterpret pc=0x0000000002a53808 method=java.lang.String.startsWith(Ljava/lang/String;I)Z @ 25

Classes redefined (0 events):
No events

Internal exceptions (10 events):
Event: 1.221 Thread 0x0000000002695800 Exception <a 'java/security/PrivilegedActionException'> (0x00000000d9614728) thrown at [C:\src\AOSP-openjdk-git\hotspot\src\share\vm\prims\jvm.cpp, line 1502]
Event: 1.222 Thread 0x0000000002695800 Exception <a 'java/security/PrivilegedActionException'> (0x00000000d9616218) thrown at [C:\src\AOSP-openjdk-git\hotspot\src\share\vm\prims\jvm.cpp, line 1502]
Event: 1.222 Thread 0x0000000002695800 Exception <a 'java/security/PrivilegedActionException'> (0x00000000d9616610) thrown at [C:\src\AOSP-openjdk-git\hotspot\src\share\vm\prims\jvm.cpp, line 1502]
Event: 1.708 Thread 0x0000000002695800 Exception <a 'java/lang/ArrayIndexOutOfBoundsException'> (0x00000000da341670) thrown at [C:\src\AOSP-openjdk-git\hotspot\src\share\vm\runtime\sharedRuntime.cpp, line 605]
Event: 2.079 Thread 0x0000000002695800 Exception <a 'java/lang/ArrayIndexOutOfBoundsException'> (0x00000000d8f10378) thrown at [C:\src\AOSP-openjdk-git\hotspot\src\share\vm\runtime\sharedRuntime.cpp, line 605]
Event: 3.154 Thread 0x0000000002695800 Exception <a 'java/lang/NoSuchMethodError': java.lang.Object.lambda$comparing$77a9974f$1(Ljava/util/function/Function;Ljava/lang/Object;Ljava/lang/Object;)I> (0x00000000d8d92988) thrown at [C:\src\AOSP-openjdk-git\hotspot\src\share\vm\interpreter\linkReso
Event: 3.195 Thread 0x0000000002695800 Exception <a 'java/lang/NoSuchMethodError': java.lang.Object.lambda$static$0()J> (0x00000000d8e97df0) thrown at [C:\src\AOSP-openjdk-git\hotspot\src\share\vm\interpreter\linkResolver.cpp, line 620]
Event: 3.560 Thread 0x0000000002695800 Exception <a 'java/lang/NoSuchMethodError': java.lang.Object.lambda$static$0(I)[Lorg/jetbrains/kotlin/com/intellij/openapi/editor/event/DocumentListener;> (0x00000000d95f2650) thrown at [C:\src\AOSP-openjdk-git\hotspot\src\share\vm\interpreter\linkResolve
Event: 3.631 Thread 0x0000000002695800 Exception <a 'java/lang/NoSuchMethodError': java.lang.Object.lambda$static$0(I)[Lorg/jetbrains/kotlin/com/intellij/psi/PsiAnnotation;> (0x00000000d9810d40) thrown at [C:\src\AOSP-openjdk-git\hotspot\src\share\vm\interpreter\linkResolver.cpp, line 620]
Event: 3.868 Thread 0x0000000002695800 Exception <a 'java/lang/NoSuchMethodError': java.lang.Object.lambda$static$0(I)[Lorg/jetbrains/kotlin/com/intellij/psi/PsiElement;> (0x00000000d9d5b0a0) thrown at [C:\src\AOSP-openjdk-git\hotspot\src\share\vm\interpreter\linkResolver.cpp, line 620]

Events (10 events):
Event: 4.260 loading class gnu/trove/THashMap$EntryView$EntryIterator
Event: 4.260 loading class gnu/trove/THashMap$EntryView$EntryIterator done
Event: 4.260 loading class gnu/trove/THashMap$Entry
Event: 4.260 loading class gnu/trove/THashMap$Entry done
Event: 4.261 loading class java/util/AbstractMap$SimpleEntry
Event: 4.261 loading class java/util/AbstractMap$SimpleEntry done
Event: 4.326 Executing VM operation: EnableBiasedLocking
Event: 4.326 Executing VM operation: EnableBiasedLocking done
Event: 4.357 loading class java/util/zip/ZipUtils
Event: 4.358 loading class java/util/zip/ZipUtils done


Dynamic libraries:
0x00007ff7e3800000 - 0x00007ff7e3831000 	C:\Program Files\Android\Android Studio\jre\jre\bin\java.exe
0x00007fff7f540000 - 0x00007fff7f71b000 	C:\Windows\SYSTEM32\ntdll.dll
0x00007fff7f370000 - 0x00007fff7f41e000 	C:\Windows\System32\KERNEL32.DLL
0x00007fff7baf0000 - 0x00007fff7bd3a000 	C:\Windows\System32\KERNELBASE.dll
0x00007fff7e2a0000 - 0x00007fff7e341000 	C:\Windows\System32\ADVAPI32.dll
0x00007fff7e410000 - 0x00007fff7e4ad000 	C:\Windows\System32\msvcrt.dll
0x00007fff7cbf0000 - 0x00007fff7cc49000 	C:\Windows\System32\sechost.dll
0x00007fff7cd30000 - 0x00007fff7ce55000 	C:\Windows\System32\RPCRT4.dll
0x00007fff7e4b0000 - 0x00007fff7e5fa000 	C:\Windows\System32\USER32.dll
0x00007fff7ca80000 - 0x00007fff7ca9e000 	C:\Windows\System32\win32u.dll
0x00007fff7e600000 - 0x00007fff7e627000 	C:\Windows\System32\GDI32.dll
0x00007fff7c020000 - 0x00007fff7c1a8000 	C:\Windows\System32\gdi32full.dll
0x00007fff7ba50000 - 0x00007fff7baea000 	C:\Windows\System32\msvcp_win.dll
0x00007fff7be20000 - 0x00007fff7bf14000 	C:\Windows\System32\ucrtbase.dll
0x00007fff6ca80000 - 0x00007fff6cce7000 	C:\Windows\WinSxS\amd64_microsoft.windows.common-controls_6595b64144ccf1df_6.0.15063.1897_none_40cb64bd29a40d00\COMCTL32.dll
0x00007fff7f060000 - 0x00007fff7f356000 	C:\Windows\System32\combase.dll
0x00007fff7bd40000 - 0x00007fff7bdb5000 	C:\Windows\System32\bcryptPrimitives.dll
0x00007fff7cc50000 - 0x00007fff7cc7d000 	C:\Windows\System32\IMM32.DLL
0x0000000000b90000 - 0x0000000000ba2000 	C:\Windows\System32\umppc11206.dll
0x0000000058be0000 - 0x0000000058cb2000 	C:\Program Files\Android\Android Studio\jre\jre\bin\msvcr100.dll
0x0000000055bd0000 - 0x000000005641b000 	C:\Program Files\Android\Android Studio\jre\jre\bin\server\jvm.dll
0x00007fff7e9a0000 - 0x00007fff7e9a8000 	C:\Windows\System32\PSAPI.DLL
0x00007fff64980000 - 0x00007fff64989000 	C:\Windows\SYSTEM32\WSOCK32.dll
0x00007fff7e930000 - 0x00007fff7e99c000 	C:\Windows\System32\WS2_32.dll
0x00007fff73af0000 - 0x00007fff73b13000 	C:\Windows\SYSTEM32\WINMM.dll
0x00007fff74dd0000 - 0x00007fff74dda000 	C:\Windows\SYSTEM32\VERSION.dll
0x00007fff73ac0000 - 0x00007fff73aeb000 	C:\Windows\SYSTEM32\WINMMBASE.dll
0x00007fff7bf20000 - 0x00007fff7bf69000 	C:\Windows\System32\cfgmgr32.dll
0x00007fff71d50000 - 0x00007fff71d5f000 	C:\Program Files\Android\Android Studio\jre\jre\bin\verify.dll
0x00007fff6c0b0000 - 0x00007fff6c0d9000 	C:\Program Files\Android\Android Studio\jre\jre\bin\java.dll
0x00007fff6c2b0000 - 0x00007fff6c2c6000 	C:\Program Files\Android\Android Studio\jre\jre\bin\zip.dll
0x00007fff7ce60000 - 0x00007fff7e298000 	C:\Windows\System32\SHELL32.dll
0x00007fff7cc80000 - 0x00007fff7cd2a000 	C:\Windows\System32\shcore.dll
0x00007fff7c1b0000 - 0x00007fff7c8a1000 	C:\Windows\System32\windows.storage.dll
0x00007fff7e3b0000 - 0x00007fff7e401000 	C:\Windows\System32\shlwapi.dll
0x00007fff7ba10000 - 0x00007fff7ba21000 	C:\Windows\System32\kernel.appcore.dll
0x00007fff7b9c0000 - 0x00007fff7ba0c000 	C:\Windows\System32\powrprof.dll
0x00007fff7b9a0000 - 0x00007fff7b9b5000 	C:\Windows\System32\profapi.dll
0x00007fff6bf80000 - 0x00007fff6bf9a000 	C:\Program Files\Android\Android Studio\jre\jre\bin\net.dll
0x00007fff7b2a0000 - 0x00007fff7b2fc000 	C:\Windows\system32\mswsock.dll
0x00007fff6bf60000 - 0x00007fff6bf73000 	C:\Program Files\Android\Android Studio\jre\jre\bin\nio.dll

VM Arguments:
java_command: org.jetbrains.kotlin.cli.jvm.K2JVMCompiler -Xallow-no-source-files -classpath C:\Users\jmohan8.EAD\Documents\Android studio and docs\projects\TransitionDemo\app\build\intermediates\compile_and_runtime_not_namespaced_r_class_jar\debug\R.jar;C:\Users\jmohan8.EAD\.gradle\caches\transforms-2\files-2.1\d8ecf77db437180f5945578a4d2539b5\jetified-kotlin-android-extensions-runtime-1.3.72.jar;C:\Users\jmohan8.EAD\.gradle\caches\transforms-2\files-2.1\58717fd35b9f8892fe9be42af9e828a2\jetified-core-ktx-1.3.0-api.jar;C:\Users\jmohan8.EAD\.gradle\caches\transforms-2\files-2.1\d7918a34a298ce6afd050963fe8285f4\jetified-kotlin-stdlib-1.3.72.jar;C:\Users\jmohan8.EAD\.gradle\caches\transforms-2\files-2.1\7a610442c037d944b5571b97c8bc4008\jetified-kotlin-stdlib-common-1.3.72.jar;C:\Users\jmohan8.EAD\.gradle\caches\transforms-2\files-2.1\b5ebe2cccd14b8a63e84eff597aa9d39\jetified-annotations-13.0.jar;C:\Users\jmohan8.EAD\.gradle\caches\transforms-2\files-2.1\6346ad293ce0dc7ca4519590745d37e2\appcompat-1.1.0-api.jar;C:\Users\jmohan8.EAD\.gradle\caches\transforms-2\files-2.1\bad9133806d0e6c17c5a646b095e10cf\fragment-1.1.0-api.jar;C:\Users\jmohan8.EAD\.gradle\caches\transforms-2\files-2.1\573ac89088ae58f443ffe889cc5549e3\jetified-appcompat-resources-1.1.0-api.jar;C:\Users\jmohan8.EAD\.gradle\caches\transforms-2\files-2.1\bbaf16160d0fa95398e1045beb1d0010\drawerlayout-1.0.0-api.jar;C:\Users\jmohan8.EAD\.gradle\caches\transforms-2\files-2.1\3fd228e3ff76b95fe97ea7f2e2a78818\viewpager-1.0.0-api.jar;C:\Users\jmohan8.EAD\.gradle\caches\transforms-2\files-2.1\88de42c7f900dd67b54e6b2166f3a37a\loader-1.0.0-api.jar;C:\Users\jmohan8.EAD\.gradle\caches\transforms-2\files-2.1\8535ab70bb651513ebc4459b595a4dc4\jetified-activity-1.0.0-api.jar;C:\Users\jmohan8.EAD\.gradle\caches\transforms-2\files-2.1\09f1405faca12a7c354e1276ae92d60a\vectordrawable-animated-1.1.0-api.jar;C:\Users\jmohan8.EAD\.gradle\caches\transforms-2\files-2.1\0e5da3aaa8fb5db4904296d6b2ff36c1\vectordrawable-1.1.0-api.jar;C:\U
java_class_path (initial): C:\Users\jmohan8.EAD\.gradle\caches\modules-2\files-2.1\org.jetbrains.kotlin\kotlin-compiler-embeddable\1.3.72\fb72232c8fa977d5e07d33c43381ddbdc5edab6\kotlin-compiler-embeddable-1.3.72.jar;C:\Users\jmohan8.EAD\.gradle\caches\modules-2\files-2.1\org.jetbrains.kotlin\kotlin-reflect\1.3.72\86613e1a669a701b0c660bfd2af4f82a7ae11fca\kotlin-reflect-1.3.72.jar;C:\Users\jmohan8.EAD\.gradle\caches\modules-2\files-2.1\org.jetbrains.kotlin\kotlin-stdlib\1.3.72\8032138f12c0180bc4e51fe139d4c52b46db6109\kotlin-stdlib-1.3.72.jar;C:\Users\jmohan8.EAD\.gradle\caches\modules-2\files-2.1\org.jetbrains.kotlin\kotlin-script-runtime\1.3.72\657d8d34d91e1964b4439378c09933e840bfe8d5\kotlin-script-runtime-1.3.72.jar;C:\Users\jmohan8.EAD\.gradle\caches\modules-2\files-2.1\org.jetbrains.kotlin\kotlin-daemon-embeddable\1.3.72\53bbaa2816dbf6bdb85f629451b1fcc88f2164d2\kotlin-daemon-embeddable-1.3.72.jar;C:\Users\jmohan8.EAD\.gradle\caches\modules-2\files-2.1\org.jetbrains.intellij.deps\trove4j\1.0.20181211\216c2e14b070f334479d800987affe4054cd563f\trove4j-1.0.20181211.jar;C:\Users\jmohan8.EAD\.gradle\caches\modules-2\files-2.1\org.jetbrains.kotlin\kotlin-stdlib-common\1.3.72\6ca8bee3d88957eaaaef077c41c908c9940492d8\kotlin-stdlib-common-1.3.72.jar;C:\Users\jmohan8.EAD\.gradle\caches\modules-2\files-2.1\org.jetbrains\annotations\13.0\919f0dfe192fb4e063e7dacadee7f8bb9a2672a9\annotations-13.0.jar;C:\Program Files\Android\Android Studio\jre\lib\tools.jar
Launcher Type: SUN_STANDARD

Environment Variables:
PATH=C:\Program Files (x86)\Common Files\Oracle\Java\javapath;c:\programdata\oracle\java\javapath;C:\Windows\system32;C:\Windows;C:\Windows\system32\wbem;C:\Windows\system32\windowspowershell\v1.0\;c:\program files (x86)\checkpoint\endpoint security\endpoint common\bin;c:\program files (x86)\symantec\vip access client\;c:\windows\system32;C:\Program Files (x86)\Intel\Intel(R) Management Engine Components\DAL;C:\Program Files\Intel\Intel(R) Management Engine Components\DAL;C:\Program Files\Intel\WiFi\bin\;C:\Program Files\Common Files\Intel\WirelessCommon\;C:\Users\jmohan8.EAD\AppData\Local\Android\Sdk\platform-tools;C:\Users\jmohan8.EAD\AppData\Local\Android\Sdk\tools;C:\Users\jmohan8.EAD\AppData\Local\Android\Sdk\tools\bin;C:\Program Files\Git\cmd;C:\Users\jmohan8.EAD\AppData\Local\Microsoft\WindowsApps;C:\Program Files\Intel\WiFi\bin\;C:\Program Files\Common Files\Intel\WirelessCommon\;C:\Program Files\JetBrains\IntelliJ IDEA Community Edition 2019.3.4\bin;
USERNAME=jmohan8
OS=Windows_NT
PROCESSOR_IDENTIFIER=Intel64 Family 6 Model 78 Stepping 3, GenuineIntel



---------------  S Y S T E M  ---------------

OS: Windows 10.0 , 64 bit Build 15063 (10.0.15063.1805)

CPU:total 4 (initial active 4) (2 cores per cpu, 2 threads per core) family 6 model 78 stepping 3, cmov, cx8, fxsr, mmx, sse, sse2, sse3, ssse3, sse4.1, sse4.2, popcnt, avx, avx2, aes, clmul, erms, rtm, 3dnowpref, lzcnt, ht, tsc, tscinvbit, bmi1, bmi2, adx

Memory: 4k page, physical 7773780k(234384k free), swap 15965780k(4144k free)

vm_info: OpenJDK 64-Bit Server VM (25.242-b01) for windows-amd64 JRE (1.8.0_242-release-1644-b01), built by "builder" with MS VC++ 10.0 (VS2010)

time: Thu Jun 25 05:16:08 2020
timezone: India Standard Time
elapsed time: 4 seconds (0d 0h 0m 4s)

